<?xml version="1.0" encoding="UTF-8"?>
<testng-results skipped="0" failed="0" ignored="0" total="3" passed="3">
  <reporter-output>
  </reporter-output>
  <suite name="Default suite" duration-ms="52159" started-at="2021-07-14T06:06:09 EDT" finished-at="2021-07-14T06:07:01 EDT">
    <groups>
      <group name="cucumber">
        <method signature="AbstractTestNGCucumberTests.feature(cucumber.api.testng.CucumberFeatureWrapper)[pri:0, instance:testRunner.testRunner@394e1a0f]" name="feature" class="cucumber.api.testng.AbstractTestNGCucumberTests"/>
      </group> <!-- cucumber -->
    </groups>
    <test name="Default test" duration-ms="52159" started-at="2021-07-14T06:06:09 EDT" finished-at="2021-07-14T06:07:01 EDT">
      <class name="testRunner.testRunner">
        <test-method status="PASS" signature="setUpClass()[pri:0, instance:testRunner.testRunner@394e1a0f]" name="setUpClass" is-config="true" duration-ms="340" started-at="2021-07-14T06:06:09 EDT" finished-at="2021-07-14T06:06:09 EDT">
          <reporter-output>
          </reporter-output>
        </test-method> <!-- setUpClass -->
        <test-method status="PASS" signature="feature(cucumber.api.testng.CucumberFeatureWrapper)[pri:0, instance:testRunner.testRunner@394e1a0f]" name="feature" duration-ms="51599" started-at="2021-07-14T06:06:09 EDT" description="Runs Cucumber Feature" data-provider="features" finished-at="2021-07-14T06:07:01 EDT">
          <params>
            <param index="0">
              <value>
                <![CDATA[Login into Application]]>
              </value>
            </param>
          </params>
          <reporter-output>
          </reporter-output>
        </test-method> <!-- feature -->
        <test-method status="PASS" signature="feature(cucumber.api.testng.CucumberFeatureWrapper)[pri:0, instance:testRunner.testRunner@394e1a0f]" name="feature" duration-ms="8" started-at="2021-07-14T06:07:01 EDT" description="Runs Cucumber Feature" data-provider="features" finished-at="2021-07-14T06:07:01 EDT">
          <params>
            <param index="0">
              <value>
                <![CDATA[select product from men's section]]>
              </value>
            </param>
          </params>
          <reporter-output>
          </reporter-output>
        </test-method> <!-- feature -->
        <test-method status="PASS" signature="feature(cucumber.api.testng.CucumberFeatureWrapper)[pri:0, instance:testRunner.testRunner@394e1a0f]" name="feature" duration-ms="8" started-at="2021-07-14T06:07:01 EDT" description="Runs Cucumber Feature" data-provider="features" finished-at="2021-07-14T06:07:01 EDT">
          <params>
            <param index="0">
              <value>
                <![CDATA[select product from women's section]]>
              </value>
            </param>
          </params>
          <reporter-output>
          </reporter-output>
        </test-method> <!-- feature -->
        <test-method status="PASS" signature="tearDownClass()[pri:0, instance:testRunner.testRunner@394e1a0f]" name="tearDownClass" is-config="true" duration-ms="11" started-at="2021-07-14T06:07:01 EDT" finished-at="2021-07-14T06:07:01 EDT">
          <reporter-output>
          </reporter-output>
        </test-method> <!-- tearDownClass -->
      </class> <!-- testRunner.testRunner -->
    </test> <!-- Default test -->
  </suite> <!-- Default suite -->
</testng-results>
